{"C:\\Users\\nawat\\OneDrive\\Bureau\\projet-angular-nodejs\\node-js-persos-animes\\application.js": {"path":"C:\\Users\\nawat\\OneDrive\\Bureau\\projet-angular-nodejs\\node-js-persos-animes\\application.js","statementMap":{"0":{"start":{"line":2,"column":0},"end":{"line":2,"column":27}},"1":{"start":{"line":3,"column":16},"end":{"line":3,"column":34}},"2":{"start":{"line":4,"column":18},"end":{"line":4,"column":40}},"3":{"start":{"line":5,"column":19},"end":{"line":5,"column":41}},"4":{"start":{"line":6,"column":13},"end":{"line":6,"column":28}},"5":{"start":{"line":8,"column":19},"end":{"line":8,"column":55}},"6":{"start":{"line":9,"column":19},"end":{"line":9,"column":55}},"7":{"start":{"line":10,"column":18},"end":{"line":10,"column":53}},"8":{"start":{"line":11,"column":20},"end":{"line":11,"column":58}},"9":{"start":{"line":13,"column":0},"end":{"line":13,"column":10}},"10":{"start":{"line":14,"column":12},"end":{"line":14,"column":21}},"11":{"start":{"line":15,"column":0},"end":{"line":15,"column":16}},"12":{"start":{"line":16,"column":0},"end":{"line":16,"column":27}},"13":{"start":{"line":19,"column":0},"end":{"line":21,"column":2}},"14":{"start":{"line":20,"column":4},"end":{"line":20,"column":38}},"15":{"start":{"line":24,"column":0},"end":{"line":24,"column":31}},"16":{"start":{"line":25,"column":0},"end":{"line":25,"column":31}},"17":{"start":{"line":26,"column":0},"end":{"line":26,"column":28}},"18":{"start":{"line":27,"column":0},"end":{"line":27,"column":34}},"19":{"start":{"line":30,"column":0},"end":{"line":30,"column":21}}},"fnMap":{"0":{"name":"(anonymous_0)","decl":{"start":{"line":19,"column":13},"end":{"line":19,"column":14}},"loc":{"start":{"line":19,"column":24},"end":{"line":21,"column":1}},"line":19}},"branchMap":{},"s":{"0":1,"1":1,"2":1,"3":1,"4":1,"5":1,"6":1,"7":1,"8":1,"9":1,"10":1,"11":1,"12":1,"13":1,"14":0,"15":1,"16":1,"17":1,"18":1,"19":1},"f":{"0":0},"b":{},"_coverageSchema":"1a1c01bbd47fc00a2c39e90264f33305004495a9","hash":"b3f6f71398d497368795eac8843b52230f247a9e"}
,"C:\\Users\\nawat\\OneDrive\\Bureau\\projet-angular-nodejs\\node-js-persos-animes\\connexion.js": {"path":"C:\\Users\\nawat\\OneDrive\\Bureau\\projet-angular-nodejs\\node-js-persos-animes\\connexion.js","statementMap":{"0":{"start":{"line":1,"column":17},"end":{"line":1,"column":36}},"1":{"start":{"line":3,"column":0},"end":{"line":3,"column":27}},"2":{"start":{"line":11,"column":18},"end":{"line":13,"column":71}},"3":{"start":{"line":12,"column":12},"end":{"line":12,"column":55}},"4":{"start":{"line":13,"column":14},"end":{"line":13,"column":70}},"5":{"start":{"line":15,"column":0},"end":{"line":15,"column":27}}},"fnMap":{"0":{"name":"(anonymous_0)","decl":{"start":{"line":12,"column":6},"end":{"line":12,"column":7}},"loc":{"start":{"line":12,"column":12},"end":{"line":12,"column":55}},"line":12},"1":{"name":"(anonymous_1)","decl":{"start":{"line":13,"column":7},"end":{"line":13,"column":8}},"loc":{"start":{"line":13,"column":14},"end":{"line":13,"column":70}},"line":13}},"branchMap":{},"s":{"0":1,"1":1,"2":1,"3":1,"4":0,"5":1},"f":{"0":1,"1":0},"b":{},"_coverageSchema":"1a1c01bbd47fc00a2c39e90264f33305004495a9","hash":"3510bbf1c8d6d738a046eeeabaaa913a7cadb4fa"}
,"C:\\Users\\nawat\\OneDrive\\Bureau\\projet-angular-nodejs\\node-js-persos-animes\\src\\controllers\\Anime_Controller.js": {"path":"C:\\Users\\nawat\\OneDrive\\Bureau\\projet-angular-nodejs\\node-js-persos-animes\\src\\controllers\\Anime_Controller.js","statementMap":{"0":{"start":{"line":2,"column":14},"end":{"line":2,"column":40}},"1":{"start":{"line":6,"column":0},"end":{"line":24,"column":1}},"2":{"start":{"line":8,"column":24},"end":{"line":10,"column":6}},"3":{"start":{"line":12,"column":4},"end":{"line":23,"column":6}},"4":{"start":{"line":13,"column":8},"end":{"line":16,"column":11}},"5":{"start":{"line":19,"column":8},"end":{"line":22,"column":10}},"6":{"start":{"line":28,"column":0},"end":{"line":40,"column":1}},"7":{"start":{"line":30,"column":4},"end":{"line":39,"column":6}},"8":{"start":{"line":30,"column":31},"end":{"line":33,"column":6}},"9":{"start":{"line":35,"column":8},"end":{"line":38,"column":10}},"10":{"start":{"line":44,"column":0},"end":{"line":61,"column":1}},"11":{"start":{"line":46,"column":4},"end":{"line":60,"column":6}},"12":{"start":{"line":50,"column":8},"end":{"line":54,"column":10}},"13":{"start":{"line":56,"column":8},"end":{"line":59,"column":10}},"14":{"start":{"line":66,"column":0},"end":{"line":78,"column":1}},"15":{"start":{"line":67,"column":4},"end":{"line":77,"column":12}},"16":{"start":{"line":69,"column":12},"end":{"line":72,"column":14}},"17":{"start":{"line":74,"column":24},"end":{"line":77,"column":10}}},"fnMap":{"0":{"name":"(anonymous_0)","decl":{"start":{"line":6,"column":19},"end":{"line":6,"column":20}},"loc":{"start":{"line":6,"column":33},"end":{"line":24,"column":1}},"line":6},"1":{"name":"(anonymous_1)","decl":{"start":{"line":12,"column":28},"end":{"line":12,"column":29}},"loc":{"start":{"line":12,"column":37},"end":{"line":18,"column":5}},"line":12},"2":{"name":"(anonymous_2)","decl":{"start":{"line":18,"column":13},"end":{"line":18,"column":14}},"loc":{"start":{"line":18,"column":20},"end":{"line":23,"column":5}},"line":18},"3":{"name":"(anonymous_3)","decl":{"start":{"line":28,"column":24},"end":{"line":28,"column":25}},"loc":{"start":{"line":28,"column":38},"end":{"line":40,"column":1}},"line":28},"4":{"name":"(anonymous_4)","decl":{"start":{"line":30,"column":22},"end":{"line":30,"column":23}},"loc":{"start":{"line":30,"column":31},"end":{"line":33,"column":6}},"line":30},"5":{"name":"(anonymous_5)","decl":{"start":{"line":33,"column":14},"end":{"line":33,"column":15}},"loc":{"start":{"line":33,"column":21},"end":{"line":39,"column":5}},"line":33},"6":{"name":"(anonymous_6)","decl":{"start":{"line":44,"column":22},"end":{"line":44,"column":23}},"loc":{"start":{"line":44,"column":36},"end":{"line":61,"column":1}},"line":44},"7":{"name":"(anonymous_7)","decl":{"start":{"line":49,"column":12},"end":{"line":49,"column":13}},"loc":{"start":{"line":49,"column":21},"end":{"line":55,"column":5}},"line":49},"8":{"name":"(anonymous_8)","decl":{"start":{"line":55,"column":13},"end":{"line":55,"column":14}},"loc":{"start":{"line":55,"column":20},"end":{"line":60,"column":5}},"line":55},"9":{"name":"(anonymous_9)","decl":{"start":{"line":66,"column":22},"end":{"line":66,"column":23}},"loc":{"start":{"line":66,"column":36},"end":{"line":78,"column":1}},"line":66},"10":{"name":"(anonymous_10)","decl":{"start":{"line":68,"column":14},"end":{"line":68,"column":15}},"loc":{"start":{"line":68,"column":23},"end":{"line":74,"column":9}},"line":68},"11":{"name":"(anonymous_11)","decl":{"start":{"line":74,"column":17},"end":{"line":74,"column":18}},"loc":{"start":{"line":74,"column":24},"end":{"line":77,"column":10}},"line":74}},"branchMap":{},"s":{"0":1,"1":1,"2":0,"3":0,"4":0,"5":0,"6":1,"7":0,"8":0,"9":0,"10":1,"11":0,"12":0,"13":0,"14":1,"15":0,"16":0,"17":0},"f":{"0":0,"1":0,"2":0,"3":0,"4":0,"5":0,"6":0,"7":0,"8":0,"9":0,"10":0,"11":0},"b":{},"_coverageSchema":"1a1c01bbd47fc00a2c39e90264f33305004495a9","hash":"8722afbb21a3151242770d0b82b71a6a824349ba"}
,"C:\\Users\\nawat\\OneDrive\\Bureau\\projet-angular-nodejs\\node-js-persos-animes\\src\\controllers\\Perso_Controller.js": {"path":"C:\\Users\\nawat\\OneDrive\\Bureau\\projet-angular-nodejs\\node-js-persos-animes\\src\\controllers\\Perso_Controller.js","statementMap":{"0":{"start":{"line":2,"column":14},"end":{"line":2,"column":40}},"1":{"start":{"line":3,"column":14},"end":{"line":3,"column":40}},"2":{"start":{"line":4,"column":13},"end":{"line":4,"column":38}},"3":{"start":{"line":11,"column":0},"end":{"line":36,"column":1}},"4":{"start":{"line":13,"column":24},"end":{"line":20,"column":6}},"5":{"start":{"line":23,"column":4},"end":{"line":35,"column":6}},"6":{"start":{"line":25,"column":8},"end":{"line":28,"column":11}},"7":{"start":{"line":31,"column":8},"end":{"line":34,"column":10}},"8":{"start":{"line":39,"column":0},"end":{"line":60,"column":1}},"9":{"start":{"line":41,"column":4},"end":{"line":59,"column":6}},"10":{"start":{"line":47,"column":8},"end":{"line":51,"column":10}},"11":{"start":{"line":55,"column":8},"end":{"line":58,"column":10}},"12":{"start":{"line":63,"column":0},"end":{"line":75,"column":1}},"13":{"start":{"line":65,"column":4},"end":{"line":74,"column":6}},"14":{"start":{"line":65,"column":32},"end":{"line":68,"column":6}},"15":{"start":{"line":70,"column":8},"end":{"line":73,"column":10}},"16":{"start":{"line":78,"column":0},"end":{"line":92,"column":1}},"17":{"start":{"line":80,"column":4},"end":{"line":91,"column":12}},"18":{"start":{"line":83,"column":12},"end":{"line":86,"column":14}},"19":{"start":{"line":88,"column":24},"end":{"line":91,"column":10}},"20":{"start":{"line":95,"column":0},"end":{"line":102,"column":1}},"21":{"start":{"line":97,"column":4},"end":{"line":101,"column":57}},"22":{"start":{"line":98,"column":23},"end":{"line":100,"column":10}},"23":{"start":{"line":101,"column":22},"end":{"line":101,"column":56}},"24":{"start":{"line":104,"column":0},"end":{"line":111,"column":1}},"25":{"start":{"line":106,"column":4},"end":{"line":110,"column":53}},"26":{"start":{"line":107,"column":19},"end":{"line":109,"column":6}},"27":{"start":{"line":110,"column":18},"end":{"line":110,"column":52}}},"fnMap":{"0":{"name":"(anonymous_0)","decl":{"start":{"line":11,"column":19},"end":{"line":11,"column":20}},"loc":{"start":{"line":11,"column":39},"end":{"line":36,"column":1}},"line":11},"1":{"name":"(anonymous_1)","decl":{"start":{"line":23,"column":28},"end":{"line":23,"column":29}},"loc":{"start":{"line":23,"column":37},"end":{"line":30,"column":5}},"line":23},"2":{"name":"(anonymous_2)","decl":{"start":{"line":30,"column":13},"end":{"line":30,"column":14}},"loc":{"start":{"line":30,"column":20},"end":{"line":35,"column":5}},"line":30},"3":{"name":"(anonymous_3)","decl":{"start":{"line":39,"column":22},"end":{"line":39,"column":23}},"loc":{"start":{"line":39,"column":36},"end":{"line":60,"column":1}},"line":39},"4":{"name":"(anonymous_4)","decl":{"start":{"line":45,"column":12},"end":{"line":45,"column":13}},"loc":{"start":{"line":45,"column":21},"end":{"line":53,"column":5}},"line":45},"5":{"name":"(anonymous_5)","decl":{"start":{"line":53,"column":13},"end":{"line":53,"column":14}},"loc":{"start":{"line":53,"column":20},"end":{"line":59,"column":5}},"line":53},"6":{"name":"(anonymous_6)","decl":{"start":{"line":63,"column":24},"end":{"line":63,"column":25}},"loc":{"start":{"line":63,"column":38},"end":{"line":75,"column":1}},"line":63},"7":{"name":"(anonymous_7)","decl":{"start":{"line":65,"column":22},"end":{"line":65,"column":23}},"loc":{"start":{"line":65,"column":32},"end":{"line":68,"column":6}},"line":65},"8":{"name":"(anonymous_8)","decl":{"start":{"line":68,"column":14},"end":{"line":68,"column":15}},"loc":{"start":{"line":68,"column":21},"end":{"line":74,"column":5}},"line":68},"9":{"name":"(anonymous_9)","decl":{"start":{"line":78,"column":22},"end":{"line":78,"column":23}},"loc":{"start":{"line":78,"column":36},"end":{"line":92,"column":1}},"line":78},"10":{"name":"(anonymous_10)","decl":{"start":{"line":82,"column":14},"end":{"line":82,"column":15}},"loc":{"start":{"line":82,"column":25},"end":{"line":88,"column":9}},"line":82},"11":{"name":"(anonymous_11)","decl":{"start":{"line":88,"column":17},"end":{"line":88,"column":18}},"loc":{"start":{"line":88,"column":24},"end":{"line":91,"column":10}},"line":88},"12":{"name":"(anonymous_12)","decl":{"start":{"line":95,"column":32},"end":{"line":95,"column":33}},"loc":{"start":{"line":95,"column":46},"end":{"line":102,"column":1}},"line":95},"13":{"name":"(anonymous_13)","decl":{"start":{"line":98,"column":14},"end":{"line":98,"column":15}},"loc":{"start":{"line":98,"column":23},"end":{"line":100,"column":10}},"line":98},"14":{"name":"(anonymous_14)","decl":{"start":{"line":101,"column":15},"end":{"line":101,"column":16}},"loc":{"start":{"line":101,"column":22},"end":{"line":101,"column":56}},"line":101},"15":{"name":"(anonymous_15)","decl":{"start":{"line":104,"column":22},"end":{"line":104,"column":23}},"loc":{"start":{"line":104,"column":33},"end":{"line":111,"column":1}},"line":104},"16":{"name":"(anonymous_16)","decl":{"start":{"line":107,"column":10},"end":{"line":107,"column":11}},"loc":{"start":{"line":107,"column":19},"end":{"line":109,"column":6}},"line":107},"17":{"name":"(anonymous_17)","decl":{"start":{"line":110,"column":11},"end":{"line":110,"column":12}},"loc":{"start":{"line":110,"column":18},"end":{"line":110,"column":52}},"line":110}},"branchMap":{},"s":{"0":1,"1":1,"2":1,"3":1,"4":0,"5":0,"6":0,"7":0,"8":1,"9":0,"10":0,"11":0,"12":1,"13":1,"14":1,"15":0,"16":1,"17":0,"18":0,"19":0,"20":1,"21":0,"22":0,"23":0,"24":1,"25":0,"26":0,"27":0},"f":{"0":0,"1":0,"2":0,"3":0,"4":0,"5":0,"6":1,"7":1,"8":0,"9":0,"10":0,"11":0,"12":0,"13":0,"14":0,"15":0,"16":0,"17":0},"b":{},"_coverageSchema":"1a1c01bbd47fc00a2c39e90264f33305004495a9","hash":"d88fe2fae76a4097080458f4fdc79543c727f845"}
,"C:\\Users\\nawat\\OneDrive\\Bureau\\projet-angular-nodejs\\node-js-persos-animes\\src\\controllers\\User_Controller.js": {"path":"C:\\Users\\nawat\\OneDrive\\Bureau\\projet-angular-nodejs\\node-js-persos-animes\\src\\controllers\\User_Controller.js","statementMap":{"0":{"start":{"line":1,"column":13},"end":{"line":1,"column":43}},"1":{"start":{"line":2,"column":15},"end":{"line":2,"column":34}},"2":{"start":{"line":3,"column":12},"end":{"line":3,"column":35}},"3":{"start":{"line":5,"column":0},"end":{"line":5,"column":27}},"4":{"start":{"line":17,"column":0},"end":{"line":54,"column":1}},"5":{"start":{"line":20,"column":18},"end":{"line":20,"column":32}},"6":{"start":{"line":21,"column":17},"end":{"line":21,"column":30}},"7":{"start":{"line":22,"column":21},"end":{"line":22,"column":38}},"8":{"start":{"line":27,"column":4},"end":{"line":53,"column":6}},"9":{"start":{"line":31,"column":8},"end":{"line":52,"column":9}},"10":{"start":{"line":32,"column":12},"end":{"line":32,"column":75}},"11":{"start":{"line":38,"column":12},"end":{"line":51,"column":14}},"12":{"start":{"line":41,"column":32},"end":{"line":45,"column":18}},"13":{"start":{"line":48,"column":16},"end":{"line":50,"column":72}},"14":{"start":{"line":49,"column":20},"end":{"line":49,"column":56}},"15":{"start":{"line":50,"column":32},"end":{"line":50,"column":70}},"16":{"start":{"line":60,"column":0},"end":{"line":120,"column":1}},"17":{"start":{"line":62,"column":18},"end":{"line":62,"column":32}},"18":{"start":{"line":63,"column":21},"end":{"line":63,"column":38}},"19":{"start":{"line":67,"column":4},"end":{"line":119,"column":6}},"20":{"start":{"line":72,"column":8},"end":{"line":114,"column":98}},"21":{"start":{"line":79,"column":12},"end":{"line":111,"column":13}},"22":{"start":{"line":80,"column":30},"end":{"line":91,"column":22}},"23":{"start":{"line":93,"column":27},"end":{"line":93,"column":34}},"24":{"start":{"line":94,"column":31},"end":{"line":94,"column":53}},"25":{"start":{"line":96,"column":16},"end":{"line":104,"column":18}},"26":{"start":{"line":98,"column":20},"end":{"line":103,"column":21}},"27":{"start":{"line":99,"column":24},"end":{"line":99,"column":40}},"28":{"start":{"line":102,"column":24},"end":{"line":102,"column":40}},"29":{"start":{"line":106,"column":16},"end":{"line":106,"column":77}},"30":{"start":{"line":110,"column":16},"end":{"line":110,"column":83}},"31":{"start":{"line":114,"column":24},"end":{"line":114,"column":96}},"32":{"start":{"line":118,"column":8},"end":{"line":118,"column":66}}},"fnMap":{"0":{"name":"(anonymous_0)","decl":{"start":{"line":17,"column":17},"end":{"line":17,"column":18}},"loc":{"start":{"line":17,"column":31},"end":{"line":54,"column":1}},"line":17},"1":{"name":"(anonymous_1)","decl":{"start":{"line":27,"column":37},"end":{"line":27,"column":38}},"loc":{"start":{"line":27,"column":45},"end":{"line":53,"column":5}},"line":27},"2":{"name":"(anonymous_2)","decl":{"start":{"line":38,"column":43},"end":{"line":38,"column":44}},"loc":{"start":{"line":38,"column":61},"end":{"line":51,"column":13}},"line":38},"3":{"name":"(anonymous_3)","decl":{"start":{"line":48,"column":36},"end":{"line":48,"column":37}},"loc":{"start":{"line":48,"column":44},"end":{"line":50,"column":17}},"line":48},"4":{"name":"(anonymous_4)","decl":{"start":{"line":50,"column":25},"end":{"line":50,"column":26}},"loc":{"start":{"line":50,"column":32},"end":{"line":50,"column":70}},"line":50},"5":{"name":"(anonymous_5)","decl":{"start":{"line":60,"column":17},"end":{"line":60,"column":18}},"loc":{"start":{"line":60,"column":31},"end":{"line":120,"column":1}},"line":60},"6":{"name":"(anonymous_6)","decl":{"start":{"line":67,"column":40},"end":{"line":67,"column":41}},"loc":{"start":{"line":67,"column":48},"end":{"line":117,"column":5}},"line":67},"7":{"name":"(anonymous_7)","decl":{"start":{"line":72,"column":53},"end":{"line":72,"column":54}},"loc":{"start":{"line":72,"column":64},"end":{"line":114,"column":9}},"line":72},"8":{"name":"(anonymous_8)","decl":{"start":{"line":96,"column":51},"end":{"line":96,"column":52}},"loc":{"start":{"line":96,"column":71},"end":{"line":104,"column":17}},"line":96},"9":{"name":"(anonymous_9)","decl":{"start":{"line":114,"column":17},"end":{"line":114,"column":18}},"loc":{"start":{"line":114,"column":24},"end":{"line":114,"column":96}},"line":114},"10":{"name":"(anonymous_10)","decl":{"start":{"line":117,"column":13},"end":{"line":117,"column":14}},"loc":{"start":{"line":117,"column":20},"end":{"line":119,"column":5}},"line":117}},"branchMap":{"0":{"loc":{"start":{"line":31,"column":8},"end":{"line":52,"column":9}},"type":"if","locations":[{"start":{"line":31,"column":8},"end":{"line":52,"column":9}},{"start":{"line":33,"column":15},"end":{"line":52,"column":9}}],"line":31},"1":{"loc":{"start":{"line":79,"column":12},"end":{"line":111,"column":13}},"type":"if","locations":[{"start":{"line":79,"column":12},"end":{"line":111,"column":13}},{"start":{"line":107,"column":19},"end":{"line":111,"column":13}}],"line":79},"2":{"loc":{"start":{"line":98,"column":20},"end":{"line":103,"column":21}},"type":"if","locations":[{"start":{"line":98,"column":20},"end":{"line":103,"column":21}},{"start":{"line":101,"column":27},"end":{"line":103,"column":21}}],"line":98}},"s":{"0":1,"1":1,"2":1,"3":1,"4":1,"5":0,"6":0,"7":0,"8":0,"9":0,"10":0,"11":0,"12":0,"13":0,"14":0,"15":0,"16":1,"17":0,"18":0,"19":0,"20":0,"21":0,"22":0,"23":0,"24":0,"25":0,"26":0,"27":0,"28":0,"29":0,"30":0,"31":0,"32":0},"f":{"0":0,"1":0,"2":0,"3":0,"4":0,"5":0,"6":0,"7":0,"8":0,"9":0,"10":0},"b":{"0":[0,0],"1":[0,0],"2":[0,0]},"_coverageSchema":"1a1c01bbd47fc00a2c39e90264f33305004495a9","hash":"032d8456ac0ee948e74711ef9e0d89f443dd0a4b"}
,"C:\\Users\\nawat\\OneDrive\\Bureau\\projet-angular-nodejs\\node-js-persos-animes\\src\\controllers\\gallery_Controller.js": {"path":"C:\\Users\\nawat\\OneDrive\\Bureau\\projet-angular-nodejs\\node-js-persos-animes\\src\\controllers\\gallery_Controller.js","statementMap":{"0":{"start":{"line":2,"column":16},"end":{"line":2,"column":47}},"1":{"start":{"line":5,"column":0},"end":{"line":30,"column":3}},"2":{"start":{"line":7,"column":22},"end":{"line":11,"column":6}},"3":{"start":{"line":13,"column":4},"end":{"line":28,"column":6}},"4":{"start":{"line":15,"column":8},"end":{"line":18,"column":11}},"5":{"start":{"line":22,"column":8},"end":{"line":27,"column":10}},"6":{"start":{"line":33,"column":2},"end":{"line":51,"column":1}},"7":{"start":{"line":35,"column":4},"end":{"line":49,"column":6}},"8":{"start":{"line":35,"column":33},"end":{"line":40,"column":6}},"9":{"start":{"line":42,"column":8},"end":{"line":47,"column":10}}},"fnMap":{"0":{"name":"(anonymous_0)","decl":{"start":{"line":5,"column":17},"end":{"line":5,"column":18}},"loc":{"start":{"line":5,"column":31},"end":{"line":30,"column":3}},"line":5},"1":{"name":"(anonymous_1)","decl":{"start":{"line":13,"column":26},"end":{"line":13,"column":27}},"loc":{"start":{"line":13,"column":35},"end":{"line":21,"column":5}},"line":13},"2":{"name":"(anonymous_2)","decl":{"start":{"line":21,"column":13},"end":{"line":21,"column":14}},"loc":{"start":{"line":21,"column":20},"end":{"line":28,"column":5}},"line":21},"3":{"name":"(anonymous_3)","decl":{"start":{"line":33,"column":24},"end":{"line":33,"column":25}},"loc":{"start":{"line":33,"column":38},"end":{"line":51,"column":1}},"line":33},"4":{"name":"(anonymous_4)","decl":{"start":{"line":35,"column":24},"end":{"line":35,"column":25}},"loc":{"start":{"line":35,"column":33},"end":{"line":40,"column":6}},"line":35},"5":{"name":"(anonymous_5)","decl":{"start":{"line":40,"column":14},"end":{"line":40,"column":15}},"loc":{"start":{"line":40,"column":21},"end":{"line":49,"column":5}},"line":40}},"branchMap":{},"s":{"0":1,"1":1,"2":0,"3":0,"4":0,"5":0,"6":1,"7":0,"8":0,"9":0},"f":{"0":0,"1":0,"2":0,"3":0,"4":0,"5":0},"b":{},"_coverageSchema":"1a1c01bbd47fc00a2c39e90264f33305004495a9","hash":"3ad874d6a2cf1e4e6b60ae4211fb08a8b00c1baa"}
,"C:\\Users\\nawat\\OneDrive\\Bureau\\projet-angular-nodejs\\node-js-persos-animes\\src\\models\\Anime.js": {"path":"C:\\Users\\nawat\\OneDrive\\Bureau\\projet-angular-nodejs\\node-js-persos-animes\\src\\models\\Anime.js","statementMap":{"0":{"start":{"line":1,"column":17},"end":{"line":1,"column":36}},"1":{"start":{"line":5,"column":20},"end":{"line":9,"column":2}},"2":{"start":{"line":13,"column":0},"end":{"line":13,"column":53}}},"fnMap":{},"branchMap":{},"s":{"0":1,"1":1,"2":1},"f":{},"b":{},"_coverageSchema":"1a1c01bbd47fc00a2c39e90264f33305004495a9","hash":"02be8d94f409912aa2488eb59a8d515fdf5a3121"}
,"C:\\Users\\nawat\\OneDrive\\Bureau\\projet-angular-nodejs\\node-js-persos-animes\\src\\models\\Gallery.js": {"path":"C:\\Users\\nawat\\OneDrive\\Bureau\\projet-angular-nodejs\\node-js-persos-animes\\src\\models\\Gallery.js","statementMap":{"0":{"start":{"line":1,"column":17},"end":{"line":1,"column":36}},"1":{"start":{"line":5,"column":22},"end":{"line":9,"column":2}},"2":{"start":{"line":13,"column":0},"end":{"line":13,"column":57}}},"fnMap":{},"branchMap":{},"s":{"0":1,"1":1,"2":1},"f":{},"b":{},"_coverageSchema":"1a1c01bbd47fc00a2c39e90264f33305004495a9","hash":"9c9966e9f3fa2460fff669552b5e13609fa99266"}
,"C:\\Users\\nawat\\OneDrive\\Bureau\\projet-angular-nodejs\\node-js-persos-animes\\src\\models\\Perso.js": {"path":"C:\\Users\\nawat\\OneDrive\\Bureau\\projet-angular-nodejs\\node-js-persos-animes\\src\\models\\Perso.js","statementMap":{"0":{"start":{"line":1,"column":17},"end":{"line":1,"column":36}},"1":{"start":{"line":5,"column":20},"end":{"line":12,"column":2}},"2":{"start":{"line":16,"column":0},"end":{"line":16,"column":53}}},"fnMap":{},"branchMap":{},"s":{"0":1,"1":1,"2":1},"f":{},"b":{},"_coverageSchema":"1a1c01bbd47fc00a2c39e90264f33305004495a9","hash":"23c39561030471ea2140ddff7b34f3d12115826e"}
,"C:\\Users\\nawat\\OneDrive\\Bureau\\projet-angular-nodejs\\node-js-persos-animes\\src\\models\\User.js": {"path":"C:\\Users\\nawat\\OneDrive\\Bureau\\projet-angular-nodejs\\node-js-persos-animes\\src\\models\\User.js","statementMap":{"0":{"start":{"line":1,"column":17},"end":{"line":1,"column":36}},"1":{"start":{"line":3,"column":18},"end":{"line":12,"column":2}},"2":{"start":{"line":15,"column":0},"end":{"line":15,"column":48}}},"fnMap":{},"branchMap":{},"s":{"0":1,"1":1,"2":1},"f":{},"b":{},"_coverageSchema":"1a1c01bbd47fc00a2c39e90264f33305004495a9","hash":"e2643a59e7bc0c0c16e0884d2945234f7a22c303"}
,"C:\\Users\\nawat\\OneDrive\\Bureau\\projet-angular-nodejs\\node-js-persos-animes\\src\\providers\\Validate_Token.js": {"path":"C:\\Users\\nawat\\OneDrive\\Bureau\\projet-angular-nodejs\\node-js-persos-animes\\src\\providers\\Validate_Token.js","statementMap":{"0":{"start":{"line":1,"column":12},"end":{"line":1,"column":35}},"1":{"start":{"line":3,"column":0},"end":{"line":3,"column":27}},"2":{"start":{"line":5,"column":0},"end":{"line":34,"column":1}},"3":{"start":{"line":7,"column":4},"end":{"line":7,"column":42}},"4":{"start":{"line":8,"column":18},"end":{"line":8,"column":57}},"5":{"start":{"line":11,"column":4},"end":{"line":32,"column":5}},"6":{"start":{"line":13,"column":8},"end":{"line":26,"column":9}},"7":{"start":{"line":14,"column":31},"end":{"line":14,"column":78}},"8":{"start":{"line":15,"column":12},"end":{"line":15,"column":48}},"9":{"start":{"line":16,"column":12},"end":{"line":16,"column":33}},"10":{"start":{"line":19,"column":12},"end":{"line":19,"column":18}},"11":{"start":{"line":24,"column":12},"end":{"line":24,"column":74}},"12":{"start":{"line":31,"column":8},"end":{"line":31,"column":68}}},"fnMap":{"0":{"name":"(anonymous_0)","decl":{"start":{"line":5,"column":24},"end":{"line":5,"column":25}},"loc":{"start":{"line":5,"column":44},"end":{"line":34,"column":1}},"line":5}},"branchMap":{"0":{"loc":{"start":{"line":11,"column":4},"end":{"line":32,"column":5}},"type":"if","locations":[{"start":{"line":11,"column":4},"end":{"line":32,"column":5}},{"start":{"line":29,"column":11},"end":{"line":32,"column":5}}],"line":11}},"s":{"0":1,"1":1,"2":1,"3":0,"4":0,"5":0,"6":0,"7":0,"8":0,"9":0,"10":0,"11":0,"12":0},"f":{"0":0},"b":{"0":[0,0]},"_coverageSchema":"1a1c01bbd47fc00a2c39e90264f33305004495a9","hash":"cbfafaf6f9bf6cdf4a5da6576ed33227d3ca2db6"}
,"C:\\Users\\nawat\\OneDrive\\Bureau\\projet-angular-nodejs\\node-js-persos-animes\\src\\routes\\Anime_Routes.js": {"path":"C:\\Users\\nawat\\OneDrive\\Bureau\\projet-angular-nodejs\\node-js-persos-animes\\src\\routes\\Anime_Routes.js","statementMap":{"0":{"start":{"line":1,"column":15},"end":{"line":1,"column":42}},"1":{"start":{"line":4,"column":24},"end":{"line":4,"column":66}},"2":{"start":{"line":8,"column":0},"end":{"line":8,"column":54}},"3":{"start":{"line":10,"column":0},"end":{"line":10,"column":63}},"4":{"start":{"line":12,"column":0},"end":{"line":12,"column":60}},"5":{"start":{"line":14,"column":0},"end":{"line":14,"column":63}},"6":{"start":{"line":17,"column":0},"end":{"line":17,"column":24}}},"fnMap":{},"branchMap":{},"s":{"0":1,"1":1,"2":1,"3":1,"4":1,"5":1,"6":1},"f":{},"b":{},"_coverageSchema":"1a1c01bbd47fc00a2c39e90264f33305004495a9","hash":"4b3502c56acccbe7f6ae185f1d65e047a02d58ad"}
,"C:\\Users\\nawat\\OneDrive\\Bureau\\projet-angular-nodejs\\node-js-persos-animes\\src\\routes\\Gallery_Routes.js": {"path":"C:\\Users\\nawat\\OneDrive\\Bureau\\projet-angular-nodejs\\node-js-persos-animes\\src\\routes\\Gallery_Routes.js","statementMap":{"0":{"start":{"line":1,"column":15},"end":{"line":1,"column":42}},"1":{"start":{"line":2,"column":16},"end":{"line":2,"column":34}},"2":{"start":{"line":4,"column":26},"end":{"line":4,"column":70}},"3":{"start":{"line":6,"column":0},"end":{"line":6,"column":54}},"4":{"start":{"line":8,"column":0},"end":{"line":8,"column":58}},"5":{"start":{"line":11,"column":0},"end":{"line":11,"column":24}}},"fnMap":{},"branchMap":{},"s":{"0":1,"1":1,"2":1,"3":1,"4":1,"5":1},"f":{},"b":{},"_coverageSchema":"1a1c01bbd47fc00a2c39e90264f33305004495a9","hash":"8d68c55edec2531a741d5fc57286dcfca4c459c5"}
,"C:\\Users\\nawat\\OneDrive\\Bureau\\projet-angular-nodejs\\node-js-persos-animes\\src\\routes\\Perso_Routes.js": {"path":"C:\\Users\\nawat\\OneDrive\\Bureau\\projet-angular-nodejs\\node-js-persos-animes\\src\\routes\\Perso_Routes.js","statementMap":{"0":{"start":{"line":2,"column":15},"end":{"line":2,"column":42}},"1":{"start":{"line":5,"column":24},"end":{"line":5,"column":66}},"2":{"start":{"line":8,"column":14},"end":{"line":8,"column":52}},"3":{"start":{"line":13,"column":0},"end":{"line":13,"column":54}},"4":{"start":{"line":15,"column":0},"end":{"line":15,"column":60}},"5":{"start":{"line":17,"column":0},"end":{"line":17,"column":63}},"6":{"start":{"line":19,"column":0},"end":{"line":19,"column":90}},"7":{"start":{"line":21,"column":0},"end":{"line":21,"column":63}},"8":{"start":{"line":23,"column":0},"end":{"line":23,"column":55}},"9":{"start":{"line":26,"column":0},"end":{"line":26,"column":24}}},"fnMap":{},"branchMap":{},"s":{"0":1,"1":1,"2":1,"3":1,"4":1,"5":1,"6":1,"7":1,"8":1,"9":1},"f":{},"b":{},"_coverageSchema":"1a1c01bbd47fc00a2c39e90264f33305004495a9","hash":"9d4ec344a22ef2afafd5c27ac7b31e304daf8412"}
,"C:\\Users\\nawat\\OneDrive\\Bureau\\projet-angular-nodejs\\node-js-persos-animes\\src\\routes\\User_Routes.js": {"path":"C:\\Users\\nawat\\OneDrive\\Bureau\\projet-angular-nodejs\\node-js-persos-animes\\src\\routes\\User_Routes.js","statementMap":{"0":{"start":{"line":1,"column":15},"end":{"line":1,"column":42}},"1":{"start":{"line":3,"column":23},"end":{"line":3,"column":64}},"2":{"start":{"line":5,"column":22},"end":{"line":5,"column":60}},"3":{"start":{"line":12,"column":0},"end":{"line":12,"column":49}},"4":{"start":{"line":14,"column":0},"end":{"line":14,"column":45}},"5":{"start":{"line":16,"column":0},"end":{"line":16,"column":58}},"6":{"start":{"line":18,"column":0},"end":{"line":18,"column":24}}},"fnMap":{},"branchMap":{},"s":{"0":1,"1":1,"2":1,"3":1,"4":1,"5":1,"6":1},"f":{},"b":{},"_coverageSchema":"1a1c01bbd47fc00a2c39e90264f33305004495a9","hash":"958e1faa702eb55958ae56d910ad30b431152d03"}
}
